<?xml version="1.0" encoding="UTF-8"?>
<!-- Generated by org.testng.reporters.JUnitReportReporter -->
<testsuite hostname="TuF" failures="0" tests="2" name="test.contactUsPageTest" time="8.812" errors="0" timestamp="2022-12-08T17:17:09 IST" skipped="0">
  <testcase classname="test.contactUsPageTest" name="launch" time="7.791"/>
  <system-out/>
  <testcase classname="test.contactUsPageTest" name="contactPtest" time="1.021"/>
  <system-out/>
</testsuite> <!-- test.contactUsPageTest -->
