<?xml version="1.0" encoding="UTF-8"?>
<!-- Generated by org.testng.reporters.JUnitReportReporter -->
<testsuite hostname="TuF" failures="0" tests="1" name="test.NewTest3" time="0.030" errors="0" timestamp="2022-12-02T18:23:10 IST" skipped="0">
  <testcase classname="test.NewTest3" name="g" time="0.030"/>
  <system-out/>
</testsuite> <!-- test.NewTest3 -->
