<?xml version="1.0" encoding="UTF-8"?>
<!-- Generated by org.testng.reporters.JUnitReportReporter -->
<testsuite hostname="TuF" failures="0" tests="3" name="test.SubscribeStartUp" time="11.118" errors="0" timestamp="2022-12-08T17:11:05 IST" skipped="0">
  <testcase classname="test.SubscribeStartUp" name="launching" time="9.259"/>
  <system-out/>
  <testcase classname="test.SubscribeStartUp" name="selectPaymentMethod" time="0.426"/>
  <system-out/>
  <testcase classname="test.SubscribeStartUp" name="billingInformation" time="1.433"/>
  <system-out/>
</testsuite> <!-- test.SubscribeStartUp -->
