<?xml version="1.0" encoding="UTF-8"?>
<!-- Generated by org.testng.reporters.JUnitReportReporter -->
<testsuite hostname="TuF" failures="0" tests="2" name="test.NewTest5" time="0.033" errors="0" timestamp="2022-12-02T18:40:11 IST" skipped="0">
  <testcase classname="test.NewTest5" name="d" time="0.029"/>
  <system-out/>
  <testcase classname="test.NewTest5" name="e" time="0.004"/>
  <system-out/>
</testsuite> <!-- test.NewTest5 -->
