<?xml version="1.0" encoding="UTF-8"?>
<!-- Generated by org.testng.reporters.JUnitReportReporter -->
<testsuite hostname="TuF" failures="0" tests="1" name="test.NewTest8" time="26.020" errors="0" timestamp="2022-12-07T23:10:23 IST" skipped="0">
  <testcase classname="test.NewTest8" name="p" time="26.020"/>
  <system-out/>
</testsuite> <!-- test.NewTest8 -->
