<?xml version="1.0" encoding="UTF-8"?>
<!-- Generated by org.testng.reporters.JUnitReportReporter -->
<testsuite hostname="TuF" failures="0" tests="1" name="test.demoqatest1" time="6.575" errors="0" timestamp="2022-12-08T17:38:11 IST" skipped="0">
  <testcase classname="test.demoqatest1" name="f" time="6.575"/>
  <system-out/>
</testsuite> <!-- test.demoqatest1 -->
