<?xml version="1.0" encoding="UTF-8"?>
<!-- Generated by org.testng.reporters.JUnitReportReporter -->
<testsuite hostname="TuF" failures="0" tests="2" name="test.NewTest2" time="1.692" errors="0" timestamp="2022-12-05T17:27:05 IST" skipped="0">
  <testcase classname="test.NewTest2" name="orange1" time="0.492"/>
  <system-out/>
  <testcase classname="test.NewTest2" name="orangeorange" time="1.200"/>
  <system-out/>
</testsuite> <!-- test.NewTest2 -->
