<?xml version="1.0" encoding="UTF-8"?>
<!-- Generated by org.testng.reporters.JUnitReportReporter -->
<testsuite hostname="TuF" failures="0" tests="1" name="test.toolsqatest" time="8.162" errors="0" timestamp="2022-12-08T19:54:35 IST" skipped="0">
  <testcase classname="test.toolsqatest" name="launch" time="8.162"/>
  <system-out/>
</testsuite> <!-- test.toolsqatest -->
