<?xml version="1.0" encoding="UTF-8"?>
<!-- Generated by org.testng.reporters.JUnitReportReporter -->
<testsuite hostname="TuF" failures="0" tests="2" name="test.NewTest6" time="0.019" errors="0" timestamp="2022-12-05T17:30:04 IST" skipped="1">
  <testcase classname="test.NewTest6" name="g" time="0.019"/>
  <system-out/>
  <testcase classname="test.NewTest6" name="f">
    <skipped/>
  </testcase> <!-- f -->
  <system-out/>
</testsuite> <!-- test.NewTest6 -->
