<?xml version="1.0" encoding="UTF-8"?>
<!-- Generated by org.testng.reporters.JUnitReportReporter -->
<testsuite hostname="TuF" failures="0" tests="3" name="test.NewTest7" time="6.515" errors="0" timestamp="2022-12-06T17:38:37 IST" skipped="0">
  <testcase classname="test.NewTest7" name="chkt" time="0.032"/>
  <system-out/>
  <testcase classname="test.NewTest7" name="launchurl" time="2.659"/>
  <system-out/>
  <testcase classname="test.NewTest7" name="Seltrain" time="3.824"/>
  <system-out/>
</testsuite> <!-- test.NewTest7 -->
